{"/Users/manlo/dev/race-management-system/backend/src/index.js": {"path":"/Users/manlo/dev/race-management-system/backend/src/index.js","statementMap":{"0":{"start":{"line":1,"column":16},"end":{"line":1,"column":34}},"1":{"start":{"line":3,"column":12},"end":{"line":3,"column":21}},"2":{"start":{"line":5,"column":0},"end":{"line":5,"column":48}},"3":{"start":{"line":6,"column":0},"end":{"line":6,"column":24}},"4":{"start":{"line":8,"column":13},"end":{"line":8,"column":17}},"5":{"start":{"line":9,"column":0},"end":{"line":11,"column":3}},"6":{"start":{"line":10,"column":2},"end":{"line":10,"column":51}},"7":{"start":{"line":13,"column":14},"end":{"line":24,"column":1}},"8":{"start":{"line":25,"column":0},"end":{"line":27,"column":3}},"9":{"start":{"line":26,"column":2},"end":{"line":26,"column":18}},"10":{"start":{"line":29,"column":0},"end":{"line":38,"column":3}},"11":{"start":{"line":30,"column":18},"end":{"line":30,"column":26}},"12":{"start":{"line":32,"column":2},"end":{"line":33,"column":54}},"13":{"start":{"line":33,"column":4},"end":{"line":33,"column":54}},"14":{"start":{"line":35,"column":2},"end":{"line":37,"column":5}},"15":{"start":{"line":40,"column":0},"end":{"line":54,"column":3}},"16":{"start":{"line":41,"column":22},"end":{"line":41,"column":30}},"17":{"start":{"line":42,"column":17},"end":{"line":42,"column":30}},"18":{"start":{"line":44,"column":20},"end":{"line":44,"column":65}},"19":{"start":{"line":44,"column":46},"end":{"line":44,"column":64}},"20":{"start":{"line":46,"column":2},"end":{"line":53,"column":3}},"21":{"start":{"line":47,"column":4},"end":{"line":47,"column":35}},"22":{"start":{"line":48,"column":4},"end":{"line":50,"column":7}},"23":{"start":{"line":52,"column":4},"end":{"line":52,"column":46}},"24":{"start":{"line":56,"column":0},"end":{"line":56,"column":21}}},"fnMap":{"0":{"name":"(anonymous_0)","decl":{"start":{"line":9,"column":17},"end":{"line":9,"column":18}},"loc":{"start":{"line":9,"column":23},"end":{"line":11,"column":1}},"line":9},"1":{"name":"(anonymous_1)","decl":{"start":{"line":25,"column":22},"end":{"line":25,"column":23}},"loc":{"start":{"line":25,"column":36},"end":{"line":27,"column":1}},"line":25},"2":{"name":"(anonymous_2)","decl":{"start":{"line":29,"column":22},"end":{"line":29,"column":23}},"loc":{"start":{"line":29,"column":36},"end":{"line":38,"column":1}},"line":29},"3":{"name":"(anonymous_3)","decl":{"start":{"line":40,"column":25},"end":{"line":40,"column":26}},"loc":{"start":{"line":40,"column":39},"end":{"line":54,"column":1}},"line":40},"4":{"name":"(anonymous_4)","decl":{"start":{"line":44,"column":36},"end":{"line":44,"column":37}},"loc":{"start":{"line":44,"column":46},"end":{"line":44,"column":64}},"line":44}},"branchMap":{"0":{"loc":{"start":{"line":32,"column":2},"end":{"line":33,"column":54}},"type":"if","locations":[{"start":{"line":32,"column":2},"end":{"line":33,"column":54}},{"start":{},"end":{}}],"line":32},"1":{"loc":{"start":{"line":46,"column":2},"end":{"line":53,"column":3}},"type":"if","locations":[{"start":{"line":46,"column":2},"end":{"line":53,"column":3}},{"start":{"line":51,"column":9},"end":{"line":53,"column":3}}],"line":46}},"s":{"0":1,"1":1,"2":1,"3":1,"4":1,"5":1,"6":1,"7":1,"8":1,"9":1,"10":1,"11":2,"12":2,"13":1,"14":2,"15":1,"16":2,"17":2,"18":2,"19":2,"20":2,"21":1,"22":1,"23":1,"24":1},"f":{"0":1,"1":1,"2":2,"3":2,"4":2},"b":{"0":[1,1],"1":[1,1]},"_coverageSchema":"1a1c01bbd47fc00a2c39e90264f33305004495a9","hash":"de462e70561e0b15f883abdcea618d266cb67af1"}
}
