TN:
SF:src/index.js
FN:9,(anonymous_0)
FN:25,(anonymous_1)
FN:29,(anonymous_2)
FN:40,(anonymous_3)
FN:44,(anonymous_4)
FNF:5
FNH:5
FNDA:1,(anonymous_0)
FNDA:1,(anonymous_1)
FNDA:2,(anonymous_2)
FNDA:2,(anonymous_3)
FNDA:2,(anonymous_4)
DA:1,1
DA:3,1
DA:5,1
DA:6,1
DA:8,1
DA:9,1
DA:10,1
DA:13,1
DA:25,1
DA:26,1
DA:29,1
DA:30,2
DA:32,2
DA:33,1
DA:35,2
DA:40,1
DA:41,2
DA:42,2
DA:44,2
DA:46,2
DA:47,1
DA:48,1
DA:52,1
DA:56,1
LF:24
LH:24
BRDA:32,0,0,1
BRDA:32,0,1,1
BRDA:46,1,0,1
BRDA:46,1,1,1
BRF:4
BRH:4
end_of_record
